Determining if the pthread_create exist failed with the following output:
Change Dir: /home/sanae/catkin_ws/build/CMakeFiles/CMakeTmp

Run Build Command:/usr/bin/make "cmTryCompileExec688475913/fast"
/usr/bin/make -f CMakeFiles/cmTryCompileExec688475913.dir/build.make CMakeFiles/cmTryCompileExec688475913.dir/build
make[1]: Entering directory `/home/sanae/catkin_ws/build/CMakeFiles/CMakeTmp'
/usr/bin/cmake -E cmake_progress_report /home/sanae/catkin_ws/build/CMakeFiles/CMakeTmp/CMakeFiles 1
Building C object CMakeFiles/cmTryCompileExec688475913.dir/CheckSymbolExists.c.o
/usr/bin/cc    -o CMakeFiles/cmTryCompileExec688475913.dir/CheckSymbolExists.c.o   -c /home/sanae/catkin_ws/build/CMakeFiles/CMakeTmp/CheckSymbolExists.c
Linking C executable cmTryCompileExec688475913
/usr/bin/cmake -E cmake_link_script CMakeFiles/cmTryCompileExec688475913.dir/link.txt --verbose=1
/usr/bin/cc       CMakeFiles/cmTryCompileExec688475913.dir/CheckSymbolExists.c.o  -o cmTryCompileExec688475913 -rdynamic 
CMakeFiles/cmTryCompileExec688475913.dir/CheckSymbolExists.c.o: In function `main':
CheckSymbolExists.c:(.text+0x16): undefined reference to `pthread_create'
collect2: error: ld returned 1 exit status
make[1]: *** [cmTryCompileExec688475913] Error 1
make[1]: Leaving directory `/home/sanae/catkin_ws/build/CMakeFiles/CMakeTmp'
make: *** [cmTryCompileExec688475913/fast] Error 2

File /home/sanae/catkin_ws/build/CMakeFiles/CMakeTmp/CheckSymbolExists.c:
/* */
#include <pthread.h>

int main(int argc, char** argv)
{
  (void)argv;
#ifndef pthread_create
  return ((int*)(&pthread_create))[argc];
#else
  (void)argc;
  return 0;
#endif
}

Determining if the function pthread_create exists in the pthreads failed with the following output:
Change Dir: /home/sanae/catkin_ws/build/CMakeFiles/CMakeTmp

Run Build Command:/usr/bin/make "cmTryCompileExec3291129247/fast"
/usr/bin/make -f CMakeFiles/cmTryCompileExec3291129247.dir/build.make CMakeFiles/cmTryCompileExec3291129247.dir/build
make[1]: Entering directory `/home/sanae/catkin_ws/build/CMakeFiles/CMakeTmp'
/usr/bin/cmake -E cmake_progress_report /home/sanae/catkin_ws/build/CMakeFiles/CMakeTmp/CMakeFiles 1
Building C object CMakeFiles/cmTryCompileExec3291129247.dir/CheckFunctionExists.c.o
/usr/bin/cc   -DCHECK_FUNCTION_EXISTS=pthread_create   -o CMakeFiles/cmTryCompileExec3291129247.dir/CheckFunctionExists.c.o   -c /usr/share/cmake-2.8/Modules/CheckFunctionExists.c
Linking C executable cmTryCompileExec3291129247
/usr/bin/cmake -E cmake_link_script CMakeFiles/cmTryCompileExec3291129247.dir/link.txt --verbose=1
/usr/bin/cc   -DCHECK_FUNCTION_EXISTS=pthread_create    CMakeFiles/cmTryCompileExec3291129247.dir/CheckFunctionExists.c.o  -o cmTryCompileExec3291129247 -rdynamic -lpthreads 
/usr/bin/ld: cannot find -lpthreads
collect2: error: ld returned 1 exit status
make[1]: *** [cmTryCompileExec3291129247] Error 1
make[1]: Leaving directory `/home/sanae/catkin_ws/build/CMakeFiles/CMakeTmp'
make: *** [cmTryCompileExec3291129247/fast] Error 2


